Using pre-set license
Built from '2021.3/staging' branch; Version is '2021.3.26f1 (a16dc32e0ff2) revision 10579395'; Using compiler version '192829333'; Build Type 'Release'
OS: 'Windows 11  (10.0.22621) 64bit Core' Language: 'en' Physical Memory: 14020 MB
BatchMode: 1, IsHumanControllingUs: 0, StartBugReporterOnCrash: 0, Is64bit: 1, IsPro: 1

COMMAND LINE ARGUMENTS:
C:\Program Files\Unity\Hub\Editor\2021.3.26f1\Editor\Unity.exe
-adb2
-batchMode
-noUpm
-name
AssetImportWorker2
-projectPath
C:/UnityProject/GitHub/PhotoForge
-logFile
Logs/AssetImportWorker2.log
-srvPort
51973
Successfully changed project path to: C:/UnityProject/GitHub/PhotoForge
C:/UnityProject/GitHub/PhotoForge
[UnityMemory] Configuration Parameters - Can be set up in boot.config
    "memorysetup-bucket-allocator-granularity=16"
    "memorysetup-bucket-allocator-bucket-count=8"
    "memorysetup-bucket-allocator-block-size=33554432"
    "memorysetup-bucket-allocator-block-count=8"
    "memorysetup-main-allocator-block-size=16777216"
    "memorysetup-thread-allocator-block-size=16777216"
    "memorysetup-gfx-main-allocator-block-size=16777216"
    "memorysetup-gfx-thread-allocator-block-size=16777216"
    "memorysetup-cache-allocator-block-size=4194304"
    "memorysetup-typetree-allocator-block-size=2097152"
    "memorysetup-profiler-bucket-allocator-granularity=16"
    "memorysetup-profiler-bucket-allocator-bucket-count=8"
    "memorysetup-profiler-bucket-allocator-block-size=33554432"
    "memorysetup-profiler-bucket-allocator-block-count=8"
    "memorysetup-profiler-allocator-block-size=16777216"
    "memorysetup-profiler-editor-allocator-block-size=1048576"
    "memorysetup-temp-allocator-size-main=16777216"
    "memorysetup-job-temp-allocator-block-size=2097152"
    "memorysetup-job-temp-allocator-block-size-background=1048576"
    "memorysetup-job-temp-allocator-reduction-small-platforms=262144"
    "memorysetup-temp-allocator-size-background-worker=32768"
    "memorysetup-temp-allocator-size-job-worker=262144"
    "memorysetup-temp-allocator-size-preload-manager=33554432"
    "memorysetup-temp-allocator-size-nav-mesh-worker=65536"
    "memorysetup-temp-allocator-size-audio-worker=65536"
    "memorysetup-temp-allocator-size-cloud-worker=32768"
    "memorysetup-temp-allocator-size-gi-baking-worker=262144"
    "memorysetup-temp-allocator-size-gfx=262144"
Player connection [20552] Host "[IP] 192.168.56.1 [Port] 0 [Flags] 2 [Guid] 415755642 [EditorId] 415755642 [Version] 1048832 [Id] WindowsEditor(7,Bubbletok) [Debug] 1 [PackageName] WindowsEditor [ProjectName] Editor" joined multi-casting on [225.0.0.222:54997]...

Player connection [20552] Host "[IP] 192.168.56.1 [Port] 0 [Flags] 2 [Guid] 415755642 [EditorId] 415755642 [Version] 1048832 [Id] WindowsEditor(7,Bubbletok) [Debug] 1 [PackageName] WindowsEditor [ProjectName] Editor" joined alternative multi-casting on [225.0.0.222:34997]...

Refreshing native plugins compatible for Editor in 188.66 ms, found 4 plugins.
Preloading 0 native plugins for Editor in 0.00 ms.
Initialize engine version: 2021.3.26f1 (a16dc32e0ff2)
[Subsystems] Discovering subsystems at path C:/Program Files/Unity/Hub/Editor/2021.3.26f1/Editor/Data/Resources/UnitySubsystems
[Subsystems] Discovering subsystems at path C:/UnityProject/GitHub/PhotoForge/Assets
GfxDevice: creating device client; threaded=0; jobified=0
Direct3D:
    Version:  Direct3D 11.0 [level 11.1]
    Renderer: NVIDIA GeForce RTX 3050 Laptop GPU (ID=0x25e2)
    Vendor:   NVIDIA
    VRAM:     3977 MB
    Driver:   31.0.15.3161
Initialize mono
Mono path[0] = 'C:/Program Files/Unity/Hub/Editor/2021.3.26f1/Editor/Data/Managed'
Mono path[1] = 'C:/Program Files/Unity/Hub/Editor/2021.3.26f1/Editor/Data/MonoBleedingEdge/lib/mono/unityjit-win32'
Mono config path = 'C:/Program Files/Unity/Hub/Editor/2021.3.26f1/Editor/Data/MonoBleedingEdge/etc'
Using monoOptions --debugger-agent=transport=dt_socket,embedding=1,server=y,suspend=n,address=127.0.0.1:56820
Begin MonoManager ReloadAssembly
Registering precompiled unity dll's ...
Register platform support module: C:/Program Files/Unity/Hub/Editor/2021.3.26f1/Editor/Data/PlaybackEngines/WindowsStandaloneSupport/UnityEditor.WindowsStandalone.Extensions.dll
Registered in 0.014410 seconds.
Native extension for WindowsStandalone target not found
Refreshing native plugins compatible for Editor in 191.85 ms, found 4 plugins.
Preloading 0 native plugins for Editor in 0.00 ms.
Mono: successfully reloaded assembly
- Completed reload, in  1.003 seconds
Domain Reload Profiling:
	ReloadAssembly (1003ms)
		BeginReloadAssembly (147ms)
			ExecutionOrderSort (0ms)
			DisableScriptedObjects (0ms)
			BackupInstance (0ms)
			ReleaseScriptingObjects (0ms)
			CreateAndSetChildDomain (1ms)
		EndReloadAssembly (710ms)
			LoadAssemblies (143ms)
			RebuildTransferFunctionScriptingTraits (0ms)
			SetupTypeCache (165ms)
			ReleaseScriptCaches (0ms)
			RebuildScriptCaches (37ms)
			SetupLoadedEditorAssemblies (430ms)
				LogAssemblyErrors (0ms)
				InitializePlatformSupportModulesInManaged (14ms)
				SetLoadedEditorAssemblies (0ms)
				RefreshPlugins (192ms)
				BeforeProcessingInitializeOnLoad (2ms)
				ProcessInitializeOnLoadAttributes (161ms)
				ProcessInitializeOnLoadMethodAttributes (61ms)
				AfterProcessingInitializeOnLoad (0ms)
				EditorAssembliesLoaded (0ms)
			ExecutionOrderSort2 (0ms)
			AwakeInstancesAfterBackupRestoration (0ms)
Platform modules already initialized, skipping
Registering precompiled user dll's ...
Registered in 0.012250 seconds.
Begin MonoManager ReloadAssembly
Symbol file LoadedFromMemory doesn't match image C:\UnityProject\GitHub\PhotoForge\Library\PackageCache\com.unity.visualscripting@1.8.0\Editor\VisualScripting.Core\Dependencies\YamlDotNet\Unity.VisualScripting.YamlDotNet.dll
Symbol file LoadedFromMemory doesn't match image C:\UnityProject\GitHub\PhotoForge\Library\PackageCache\com.unity.visualscripting@1.8.0\Editor\VisualScripting.Core\Dependencies\DotNetZip\Unity.VisualScripting.IonicZip.dll
Native extension for WindowsStandalone target not found
Refreshing native plugins compatible for Editor in 174.32 ms, found 4 plugins.
Preloading 0 native plugins for Editor in 0.00 ms.
Mono: successfully reloaded assembly
- Completed reload, in  1.938 seconds
Domain Reload Profiling:
	ReloadAssembly (1939ms)
		BeginReloadAssembly (217ms)
			ExecutionOrderSort (0ms)
			DisableScriptedObjects (7ms)
			BackupInstance (0ms)
			ReleaseScriptingObjects (0ms)
			CreateAndSetChildDomain (39ms)
		EndReloadAssembly (1539ms)
			LoadAssemblies (185ms)
			RebuildTransferFunctionScriptingTraits (0ms)
			SetupTypeCache (402ms)
			ReleaseScriptCaches (1ms)
			RebuildScriptCaches (75ms)
			SetupLoadedEditorAssemblies (868ms)
				LogAssemblyErrors (0ms)
				InitializePlatformSupportModulesInManaged (8ms)
				SetLoadedEditorAssemblies (0ms)
				RefreshPlugins (175ms)
				BeforeProcessingInitializeOnLoad (191ms)
				ProcessInitializeOnLoadAttributes (343ms)
				ProcessInitializeOnLoadMethodAttributes (137ms)
				AfterProcessingInitializeOnLoad (15ms)
				EditorAssembliesLoaded (0ms)
			ExecutionOrderSort2 (0ms)
			AwakeInstancesAfterBackupRestoration (10ms)
Platform modules already initialized, skipping
========================================================================
Worker process is ready to serve import requests
Launched and connected shader compiler UnityShaderCompiler.exe after 0.19 seconds
Refreshing native plugins compatible for Editor in 2.56 ms, found 4 plugins.
Preloading 0 native plugins for Editor in 0.00 ms.
Unloading 5229 Unused Serialized files (Serialized files now loaded: 0)
Unloading 40 unused Assets / (0.7 MB). Loaded Objects now: 5684.
Memory consumption went from 208.0 MB to 207.3 MB.
Total: 6.029000 ms (FindLiveObjects: 0.588200 ms CreateObjectMapping: 0.679800 ms MarkObjects: 4.261400 ms  DeleteObjects: 0.498200 ms)

AssetImportParameters requested are different than current active one (requested -> active):
  custom:video-decoder-ogg-theora: a1e56fd34408186e4bbccfd4996cb3dc -> 
  custom:container-muxer-webm: aa71ff27fc2769a1b78a27578f13a17b -> 
  custom:container-demuxer-webm: 4f35f7cbe854078d1ac9338744f61a02 -> 
  custom:video-encoder-webm-vp8: eb34c28f22e8b96e1ab97ce403110664 -> 
  custom:video-codec-MediaFoundation-h265: 746d11721c4dcdbdad8f713fa42b33f4 -> 
  custom:audio-encoder-webm-vorbis: bf7c407c2cedff20999df2af8eb42d56 -> 
  custom:framework-win-MediaFoundation: 216162199b28c13a410421893ffa2e32 -> 
  custom:container-demuxer-ogg: 62fdf1f143b41e24485cea50d1cbac27 -> 
  custom:video-decoder-webm-vp8: 9c59270c3fd7afecdb556c50c9e8de78 -> 
  custom:audio-decoder-ogg-vorbis: bf7c407c2cedff20999df2af8eb42d56 -> 
========================================================================
Received Import Request.
  Time since last request: 55827.399917 seconds.
  path: Assets/Sprites/Tileset_2/tileset_2_41.asset
  artifactKey: Guid(54e646f666842e041b52b326fabd7ed9) Importer(815301076,1909f56bfc062723c751e8b465ee728b)
Start importing Assets/Sprites/Tileset_2/tileset_2_41.asset using Guid(54e646f666842e041b52b326fabd7ed9) Importer(815301076,1909f56bfc062723c751e8b465ee728b)  -> (artifact id: '7c16474fd50d4f64cf4f1c878bb274fa') in 0.204517 seconds 
========================================================================
Received Import Request.
  Time since last request: 0.000041 seconds.
  path: Assets/Sprites/Tileset_2/tileset_2_7.asset
  artifactKey: Guid(0ee5d3c9dcd609d41999db760a30d6e9) Importer(815301076,1909f56bfc062723c751e8b465ee728b)
Start importing Assets/Sprites/Tileset_2/tileset_2_7.asset using Guid(0ee5d3c9dcd609d41999db760a30d6e9) Importer(815301076,1909f56bfc062723c751e8b465ee728b)  -> (artifact id: '8e5e5698252c7f5a8d37ac785161b986') in 0.057817 seconds 
========================================================================
Received Import Request.
  Time since last request: 0.000074 seconds.
  path: Assets/Sprites/Tileset_2/tileset_2_54.asset
  artifactKey: Guid(4c8d5370fd690a545bd72406f31e7fff) Importer(815301076,1909f56bfc062723c751e8b465ee728b)
Start importing Assets/Sprites/Tileset_2/tileset_2_54.asset using Guid(4c8d5370fd690a545bd72406f31e7fff) Importer(815301076,1909f56bfc062723c751e8b465ee728b)  -> (artifact id: 'c2d3cb5aa4b8446f50e0cc2e60415132') in 0.051084 seconds 
========================================================================
Received Import Request.
  Time since last request: 0.000035 seconds.
  path: Assets/Sprites/Tileset_2/tileset_2_48.asset
  artifactKey: Guid(a40da29b6b78ce94296119d5bcae4b94) Importer(815301076,1909f56bfc062723c751e8b465ee728b)
Start importing Assets/Sprites/Tileset_2/tileset_2_48.asset using Guid(a40da29b6b78ce94296119d5bcae4b94) Importer(815301076,1909f56bfc062723c751e8b465ee728b)  -> (artifact id: '8e9bace673e2c6fa7243283310081528') in 0.071696 seconds 
========================================================================
Received Import Request.
  Time since last request: 0.000036 seconds.
  path: Assets/Sprites/Tileset_2/tileset_2_6.asset
  artifactKey: Guid(20ce86a6c40e8d1489c6f2f20ddf9be1) Importer(815301076,1909f56bfc062723c751e8b465ee728b)
Start importing Assets/Sprites/Tileset_2/tileset_2_6.asset using Guid(20ce86a6c40e8d1489c6f2f20ddf9be1) Importer(815301076,1909f56bfc062723c751e8b465ee728b)  -> (artifact id: 'b467d02bc53d8a045f68824c489e5f34') in 0.052310 seconds 
========================================================================
Received Import Request.
  Time since last request: 0.000036 seconds.
  path: Assets/Sprites/Tileset_2/tileset_2_2.asset
  artifactKey: Guid(8a1e2b5d5329b4f4dbcbe626ccb339f2) Importer(815301076,1909f56bfc062723c751e8b465ee728b)
Start importing Assets/Sprites/Tileset_2/tileset_2_2.asset using Guid(8a1e2b5d5329b4f4dbcbe626ccb339f2) Importer(815301076,1909f56bfc062723c751e8b465ee728b)  -> (artifact id: 'fed9ad90b148e1b8870bd585707d1b1c') in 0.042605 seconds 
========================================================================
Received Import Request.
  Time since last request: 0.000052 seconds.
  path: Assets/Sprites/Tileset_2/tileset_2_55.asset
  artifactKey: Guid(66ecd9404ff66774bacab7f9d4cea771) Importer(815301076,1909f56bfc062723c751e8b465ee728b)
Start importing Assets/Sprites/Tileset_2/tileset_2_55.asset using Guid(66ecd9404ff66774bacab7f9d4cea771) Importer(815301076,1909f56bfc062723c751e8b465ee728b)  -> (artifact id: '3885aae0422904b4d5f5b4400ef8692a') in 0.044608 seconds 
========================================================================
Received Import Request.
  Time since last request: 0.000047 seconds.
  path: Assets/Sprites/Tileset_2/tileset_2_3.asset
  artifactKey: Guid(025379ed20f94a74393ed34fc6b5d518) Importer(815301076,1909f56bfc062723c751e8b465ee728b)
Start importing Assets/Sprites/Tileset_2/tileset_2_3.asset using Guid(025379ed20f94a74393ed34fc6b5d518) Importer(815301076,1909f56bfc062723c751e8b465ee728b)  -> (artifact id: '89c971ebae7242293f2ae915e138f2e0') in 0.045933 seconds 
========================================================================
Received Import Request.
  Time since last request: 0.000028 seconds.
  path: Assets/Sprites/Tileset_2/tileset_2_36.asset
  artifactKey: Guid(768e983a381460f4aa8ae9695cadad23) Importer(815301076,1909f56bfc062723c751e8b465ee728b)
Start importing Assets/Sprites/Tileset_2/tileset_2_36.asset using Guid(768e983a381460f4aa8ae9695cadad23) Importer(815301076,1909f56bfc062723c751e8b465ee728b)  -> (artifact id: '255163e089f2c41a5176bc6e9139900f') in 0.040608 seconds 
========================================================================
Received Import Request.
  Time since last request: 0.000031 seconds.
  path: Assets/Sprites/Tileset_2/tileset_2_33.asset
  artifactKey: Guid(5beead0cf211f34489b692aa415e9c47) Importer(815301076,1909f56bfc062723c751e8b465ee728b)
Start importing Assets/Sprites/Tileset_2/tileset_2_33.asset using Guid(5beead0cf211f34489b692aa415e9c47) Importer(815301076,1909f56bfc062723c751e8b465ee728b)  -> (artifact id: 'f0e876554b70f7fae43a39008792e993') in 0.044723 seconds 
========================================================================
Received Import Request.
  Time since last request: 0.000037 seconds.
  path: Assets/Sprites/Tileset_2/tileset_2_16.asset
  artifactKey: Guid(06bf6904d7f3e614d81dffe9ae83450e) Importer(815301076,1909f56bfc062723c751e8b465ee728b)
Start importing Assets/Sprites/Tileset_2/tileset_2_16.asset using Guid(06bf6904d7f3e614d81dffe9ae83450e) Importer(815301076,1909f56bfc062723c751e8b465ee728b)  -> (artifact id: '8764a01eb9ae37c7e07715b45789904c') in 0.041912 seconds 
========================================================================
Received Import Request.
  Time since last request: 0.000076 seconds.
  path: Assets/Sprites/Tileset_2/tileset_2_43.asset
  artifactKey: Guid(404dfa8e5cda93244b6175e612f49a39) Importer(815301076,1909f56bfc062723c751e8b465ee728b)
Start importing Assets/Sprites/Tileset_2/tileset_2_43.asset using Guid(404dfa8e5cda93244b6175e612f49a39) Importer(815301076,1909f56bfc062723c751e8b465ee728b)  -> (artifact id: '155ef87f08fb59f6430ed86e0c9db0a4') in 0.038990 seconds 
========================================================================
Received Import Request.
  Time since last request: 0.000046 seconds.
  path: Assets/Sprites/Tileset_2/tileset_2_22.asset
  artifactKey: Guid(0d5843414878c5b4080cf1e1dcdef3d0) Importer(815301076,1909f56bfc062723c751e8b465ee728b)
Start importing Assets/Sprites/Tileset_2/tileset_2_22.asset using Guid(0d5843414878c5b4080cf1e1dcdef3d0) Importer(815301076,1909f56bfc062723c751e8b465ee728b)  -> (artifact id: 'd8757f8178f849c9360271c41ad2ee24') in 0.038960 seconds 
========================================================================
Received Import Request.
  Time since last request: 0.000040 seconds.
  path: Assets/Sprites/Tileset_2/tileset_2_52.asset
  artifactKey: Guid(fbede7e216bc58f4b9f7883999c56a3b) Importer(815301076,1909f56bfc062723c751e8b465ee728b)
Start importing Assets/Sprites/Tileset_2/tileset_2_52.asset using Guid(fbede7e216bc58f4b9f7883999c56a3b) Importer(815301076,1909f56bfc062723c751e8b465ee728b)  -> (artifact id: 'a0d2b1aa6580bd561be51d45829acd92') in 0.033316 seconds 
========================================================================
Received Import Request.
  Time since last request: 0.000035 seconds.
  path: Assets/Sprites/Tileset_2/tileset_2_42.asset
  artifactKey: Guid(d520e801a4c1cab498817166c1685063) Importer(815301076,1909f56bfc062723c751e8b465ee728b)
Start importing Assets/Sprites/Tileset_2/tileset_2_42.asset using Guid(d520e801a4c1cab498817166c1685063) Importer(815301076,1909f56bfc062723c751e8b465ee728b)  -> (artifact id: '5d967b30f5eaa2f8737c2a1dbe6522bb') in 0.034835 seconds 
========================================================================
Received Import Request.
  Time since last request: 12.971467 seconds.
  path: Assets/Sprites/NPC/NPC_Merchant/run/npc_merchant_run_00.png
  artifactKey: Guid(94a24413ea5b1044f9f1c60854564a5f) Importer(815301076,1909f56bfc062723c751e8b465ee728b)
Start importing Assets/Sprites/NPC/NPC_Merchant/run/npc_merchant_run_00.png using Guid(94a24413ea5b1044f9f1c60854564a5f) Importer(815301076,1909f56bfc062723c751e8b465ee728b)  -> (artifact id: '347b997cb4543258dc489bd0495cb23e') in 0.195965 seconds 
========================================================================
Received Import Request.
  Time since last request: 0.000031 seconds.
  path: Assets/Sprites/NPC/NPC_Merchant/run/npc_merchant_run_05.png
  artifactKey: Guid(976b0061200bbbd4681d9fde13935b05) Importer(815301076,1909f56bfc062723c751e8b465ee728b)
Start importing Assets/Sprites/NPC/NPC_Merchant/run/npc_merchant_run_05.png using Guid(976b0061200bbbd4681d9fde13935b05) Importer(815301076,1909f56bfc062723c751e8b465ee728b)  -> (artifact id: '32e00db41761bc13ff09b35940cb8b80') in 0.047024 seconds 
Editor requested this worker to shutdown with reason: Scaling down because of idle timeout
AssetImportWorker is now disconnected from the server
Process exiting
Exiting without the bug reporter. Application will terminate with return code 0